[2025-10-13 06:33:34 +0500] [3837] [INFO] Starting gunicorn 23.0.0
[2025-10-13 06:33:34 +0500] [3837] [INFO] Listening at: http://127.0.0.1:5000 (3837)
[2025-10-13 06:33:34 +0500] [3837] [INFO] Using worker: sync
[2025-10-13 06:33:34 +0500] [3838] [INFO] Booting worker with pid: 3838
[2025-10-13 06:33:34 +0500] [3839] [INFO] Booting worker with pid: 3839
[2025-10-13 06:33:34 +0500] [3840] [INFO] Booting worker with pid: 3840
[2025-10-13 06:33:34 +0500] [3841] [INFO] Booting worker with pid: 3841
[2025-10-13 06:36:46 +0500] [3837] [INFO] Handling signal: term
[2025-10-13 06:36:47 +0500] [3839] [INFO] Worker exiting (pid: 3839)
[2025-10-13 06:36:46 +0500] [3840] [INFO] Worker exiting (pid: 3840)
[2025-10-13 06:36:48 +0500] [3838] [INFO] Worker exiting (pid: 3838)
[2025-10-13 06:36:49 +0500] [3841] [INFO] Worker exiting (pid: 3841)
[2025-10-13 06:37:01 +0500] [3837] [INFO] Shutting down: Master
[2025-10-13 06:41:58 +0500] [1541] [INFO] Starting gunicorn 23.0.0
[2025-10-13 06:41:58 +0500] [1541] [INFO] Listening at: http://127.0.0.1:5000 (1541)
[2025-10-13 06:41:58 +0500] [1541] [INFO] Using worker: sync
[2025-10-13 06:41:58 +0500] [1542] [INFO] Booting worker with pid: 1542
[2025-10-13 06:41:58 +0500] [1543] [INFO] Booting worker with pid: 1543
[2025-10-13 06:41:58 +0500] [1544] [INFO] Booting worker with pid: 1544
[2025-10-13 06:41:58 +0500] [1545] [INFO] Booting worker with pid: 1545
[2025-10-13 06:52:49 +0500] [1541] [CRITICAL] WORKER TIMEOUT (pid:1542)
[2025-10-13 06:52:49 +0500] [1542] [INFO] Worker exiting (pid: 1542)
[2025-10-13 06:53:05 +0500] [1541] [ERROR] Worker (pid:1542) exited with code 1
[2025-10-13 06:53:05 +0500] [1541] [ERROR] Worker (pid:1542) exited with code 1.
[2025-10-13 06:53:06 +0500] [4816] [INFO] Booting worker with pid: 4816
